c:\users\oren ish shalom\git\compilation_mta_for_students\folder_2_source_code\ex4\ms_visual_studio\folder_2_lexer_parser_starkist\parser_starkist\debug\vc140.pdb
c:\users\oren ish shalom\git\compilation_mta_for_students\folder_2_source_code\ex4\ms_visual_studio\folder_2_lexer_parser_starkist\parser_starkist\debug\vc140.idb
c:\users\oren ish shalom\git\compilation_mta_for_students\folder_2_source_code\ex4\ms_visual_studio\folder_2_lexer_parser_starkist\parser_starkist\debug\closure.obj
c:\users\oren ish shalom\git\compilation_mta_for_students\folder_2_source_code\ex4\ms_visual_studio\folder_2_lexer_parser_starkist\parser_starkist\debug\conflicts.obj
c:\users\oren ish shalom\git\compilation_mta_for_students\folder_2_source_code\ex4\ms_visual_studio\folder_2_lexer_parser_starkist\parser_starkist\debug\derives.obj
c:\users\oren ish shalom\git\compilation_mta_for_students\folder_2_source_code\ex4\ms_visual_studio\folder_2_lexer_parser_starkist\parser_starkist\debug\files.obj
c:\users\oren ish shalom\git\compilation_mta_for_students\folder_2_source_code\ex4\ms_visual_studio\folder_2_lexer_parser_starkist\parser_starkist\debug\getargs.obj
c:\users\oren ish shalom\git\compilation_mta_for_students\folder_2_source_code\ex4\ms_visual_studio\folder_2_lexer_parser_starkist\parser_starkist\debug\getopt.obj
c:\users\oren ish shalom\git\compilation_mta_for_students\folder_2_source_code\ex4\ms_visual_studio\folder_2_lexer_parser_starkist\parser_starkist\debug\getopt1.obj
c:\users\oren ish shalom\git\compilation_mta_for_students\folder_2_source_code\ex4\ms_visual_studio\folder_2_lexer_parser_starkist\parser_starkist\debug\gram.obj
c:\users\oren ish shalom\git\compilation_mta_for_students\folder_2_source_code\ex4\ms_visual_studio\folder_2_lexer_parser_starkist\parser_starkist\debug\lalr.obj
c:\users\oren ish shalom\git\compilation_mta_for_students\folder_2_source_code\ex4\ms_visual_studio\folder_2_lexer_parser_starkist\parser_starkist\debug\lex.obj
c:\users\oren ish shalom\git\compilation_mta_for_students\folder_2_source_code\ex4\ms_visual_studio\folder_2_lexer_parser_starkist\parser_starkist\debug\lr0.obj
c:\users\oren ish shalom\git\compilation_mta_for_students\folder_2_source_code\ex4\ms_visual_studio\folder_2_lexer_parser_starkist\parser_starkist\debug\main.obj
c:\users\oren ish shalom\git\compilation_mta_for_students\folder_2_source_code\ex4\ms_visual_studio\folder_2_lexer_parser_starkist\parser_starkist\debug\nullable.obj
c:\users\oren ish shalom\git\compilation_mta_for_students\folder_2_source_code\ex4\ms_visual_studio\folder_2_lexer_parser_starkist\parser_starkist\debug\output.obj
c:\users\oren ish shalom\git\compilation_mta_for_students\folder_2_source_code\ex4\ms_visual_studio\folder_2_lexer_parser_starkist\parser_starkist\debug\print.obj
c:\users\oren ish shalom\git\compilation_mta_for_students\folder_2_source_code\ex4\ms_visual_studio\folder_2_lexer_parser_starkist\parser_starkist\debug\reader.obj
c:\users\oren ish shalom\git\compilation_mta_for_students\folder_2_source_code\ex4\ms_visual_studio\folder_2_lexer_parser_starkist\parser_starkist\debug\reduce.obj
c:\users\oren ish shalom\git\compilation_mta_for_students\folder_2_source_code\ex4\ms_visual_studio\folder_2_lexer_parser_starkist\parser_starkist\debug\symtab.obj
c:\users\oren ish shalom\git\compilation_mta_for_students\folder_2_source_code\ex4\ms_visual_studio\folder_2_lexer_parser_starkist\parser_starkist\debug\version.obj
c:\users\oren ish shalom\git\compilation_mta_for_students\folder_2_source_code\ex4\ms_visual_studio\folder_2_lexer_parser_starkist\parser_starkist\debug\warshall.obj
c:\users\oren ish shalom\git\compilation_mta_for_students\folder_2_source_code\ex4\ms_visual_studio\folder_2_lexer_parser_starkist\parser_starkist\debug\alloca.obj
c:\users\oren ish shalom\git\compilation_mta_for_students\folder_2_source_code\ex4\ms_visual_studio\folder_2_lexer_parser_starkist\parser_starkist\debug\allocate.obj
c:\users\oren ish shalom\git\compilation_mta_for_students\folder_2_source_code\ex4\ms_visual_studio\folder_2_lexer_parser_starkist\parser_starkist\debug\parser_starkist.pdb
c:\users\oren ish shalom\git\compilation_mta_for_students\folder_2_source_code\ex4\ms_visual_studio\folder_2_lexer_parser_starkist\parser_starkist\debug\parser_starkist.tlog\cl.command.1.tlog
c:\users\oren ish shalom\git\compilation_mta_for_students\folder_2_source_code\ex4\ms_visual_studio\folder_2_lexer_parser_starkist\parser_starkist\debug\parser_starkist.tlog\cl.read.1.tlog
c:\users\oren ish shalom\git\compilation_mta_for_students\folder_2_source_code\ex4\ms_visual_studio\folder_2_lexer_parser_starkist\parser_starkist\debug\parser_starkist.tlog\cl.write.1.tlog
c:\users\oren ish shalom\git\compilation_mta_for_students\folder_2_source_code\ex4\ms_visual_studio\folder_2_lexer_parser_starkist\parser_starkist\debug\parser_starkist.tlog\link-cvtres.read.1.tlog
c:\users\oren ish shalom\git\compilation_mta_for_students\folder_2_source_code\ex4\ms_visual_studio\folder_2_lexer_parser_starkist\parser_starkist\debug\parser_starkist.tlog\link-cvtres.write.1.tlog
c:\users\oren ish shalom\git\compilation_mta_for_students\folder_2_source_code\ex4\ms_visual_studio\folder_2_lexer_parser_starkist\parser_starkist\debug\parser_starkist.tlog\link-rc.read.1.tlog
c:\users\oren ish shalom\git\compilation_mta_for_students\folder_2_source_code\ex4\ms_visual_studio\folder_2_lexer_parser_starkist\parser_starkist\debug\parser_starkist.tlog\link-rc.write.1.tlog
c:\users\oren ish shalom\git\compilation_mta_for_students\folder_2_source_code\ex4\ms_visual_studio\folder_2_lexer_parser_starkist\parser_starkist\debug\parser_starkist.tlog\link.command.1.tlog
c:\users\oren ish shalom\git\compilation_mta_for_students\folder_2_source_code\ex4\ms_visual_studio\folder_2_lexer_parser_starkist\parser_starkist\debug\parser_starkist.tlog\link.read.1.tlog
c:\users\oren ish shalom\git\compilation_mta_for_students\folder_2_source_code\ex4\ms_visual_studio\folder_2_lexer_parser_starkist\parser_starkist\debug\parser_starkist.tlog\link.write.1.tlog
