c:\users\oren ish shalom\git\compilation_mta_for_students\folder_2_source_code\ex5\ms_visual_studio\folder_7_compiler\compiler\debug\vc140.pdb
c:\users\oren ish shalom\git\compilation_mta_for_students\folder_2_source_code\ex5\ms_visual_studio\folder_7_compiler\compiler\debug\vc140.idb
c:\users\oren ish shalom\git\compilation_mta_for_students\folder_2_source_code\ex5\ms_visual_studio\folder_7_compiler\compiler\debug\pseduo_assembley_to_simulation.obj
c:\users\oren ish shalom\git\compilation_mta_for_students\folder_2_source_code\ex5\ms_visual_studio\folder_7_compiler\compiler\debug\pseudo_mips_asm_ast.obj
c:\users\oren ish shalom\git\compilation_mta_for_students\folder_2_source_code\ex5\ms_visual_studio\folder_7_compiler\compiler\debug\pseudo_mips_asm_ast_errormsg.obj
c:\users\oren ish shalom\git\compilation_mta_for_students\folder_2_source_code\ex5\ms_visual_studio\folder_7_compiler\compiler\debug\register_allocation.obj
c:\users\oren ish shalom\git\compilation_mta_for_students\folder_2_source_code\ex5\ms_visual_studio\folder_7_compiler\compiler\debug\semant.obj
c:\users\oren ish shalom\git\compilation_mta_for_students\folder_2_source_code\ex5\ms_visual_studio\folder_7_compiler\compiler\debug\symbol.obj
c:\users\oren ish shalom\git\compilation_mta_for_students\folder_2_source_code\ex5\ms_visual_studio\folder_7_compiler\compiler\debug\symboltable.obj
c:\users\oren ish shalom\git\compilation_mta_for_students\folder_2_source_code\ex5\ms_visual_studio\folder_7_compiler\compiler\debug\table.obj
c:\users\oren ish shalom\git\compilation_mta_for_students\folder_2_source_code\ex5\ms_visual_studio\folder_7_compiler\compiler\debug\temp.obj
c:\users\oren ish shalom\git\compilation_mta_for_students\folder_2_source_code\ex5\ms_visual_studio\folder_7_compiler\compiler\debug\temps_to_regs_errormsg.obj
c:\users\oren ish shalom\git\compilation_mta_for_students\folder_2_source_code\ex5\ms_visual_studio\folder_7_compiler\compiler\debug\ir_tree.obj
c:\users\oren ish shalom\git\compilation_mta_for_students\folder_2_source_code\ex5\ms_visual_studio\folder_7_compiler\compiler\debug\types.obj
c:\users\oren ish shalom\git\compilation_mta_for_students\folder_2_source_code\ex5\ms_visual_studio\folder_7_compiler\compiler\debug\util.obj
c:\users\oren ish shalom\git\compilation_mta_for_students\folder_2_source_code\ex5\ms_visual_studio\folder_7_compiler\compiler\debug\write_assembley_output_file.obj
c:\users\oren ish shalom\git\compilation_mta_for_students\folder_2_source_code\ex5\ms_visual_studio\folder_7_compiler\compiler\debug\starkistparser.obj
c:\users\oren ish shalom\git\compilation_mta_for_students\folder_2_source_code\ex5\ms_visual_studio\folder_7_compiler\compiler\debug\codegenparser.obj
c:\users\oren ish shalom\git\compilation_mta_for_students\folder_2_source_code\ex5\ms_visual_studio\folder_7_compiler\compiler\debug\regallocparser.obj
c:\users\oren ish shalom\git\compilation_mta_for_students\folder_2_source_code\ex5\ms_visual_studio\folder_7_compiler\compiler\debug\codegenlexer.obj
c:\users\oren ish shalom\git\compilation_mta_for_students\folder_2_source_code\ex5\ms_visual_studio\folder_7_compiler\compiler\debug\regalloclexer.obj
c:\users\oren ish shalom\git\compilation_mta_for_students\folder_2_source_code\ex5\ms_visual_studio\folder_7_compiler\compiler\debug\starkistlexer.obj
c:\users\oren ish shalom\git\compilation_mta_for_students\folder_2_source_code\ex5\ms_visual_studio\folder_7_compiler\compiler\debug\ast.obj
c:\users\oren ish shalom\git\compilation_mta_for_students\folder_2_source_code\ex5\ms_visual_studio\folder_7_compiler\compiler\debug\ast_print.obj
c:\users\oren ish shalom\git\compilation_mta_for_students\folder_2_source_code\ex5\ms_visual_studio\folder_7_compiler\compiler\debug\env.obj
c:\users\oren ish shalom\git\compilation_mta_for_students\folder_2_source_code\ex5\ms_visual_studio\folder_7_compiler\compiler\debug\errormsg.obj
c:\users\oren ish shalom\git\compilation_mta_for_students\folder_2_source_code\ex5\ms_visual_studio\folder_7_compiler\compiler\debug\ir.obj
c:\users\oren ish shalom\git\compilation_mta_for_students\folder_2_source_code\ex5\ms_visual_studio\folder_7_compiler\compiler\debug\ir_print.obj
c:\users\oren ish shalom\git\compilation_mta_for_students\folder_2_source_code\ex5\ms_visual_studio\folder_7_compiler\compiler\debug\liveness_analysis.obj
c:\users\oren ish shalom\git\compilation_mta_for_students\folder_2_source_code\ex5\ms_visual_studio\folder_7_compiler\compiler\debug\main.obj
c:\users\oren ish shalom\git\compilation_mta_for_students\folder_2_source_code\ex5\ms_visual_studio\folder_7_compiler\compiler\debug\mips_asm.obj
c:\users\oren ish shalom\git\compilation_mta_for_students\folder_2_source_code\ex5\ms_visual_studio\folder_7_compiler\compiler\debug\mips_frame.obj
c:\users\oren ish shalom\git\compilation_mta_for_students\folder_2_source_code\ex5\ms_visual_studio\folder_7_compiler\compiler\debug\parse.obj
c:\users\oren ish shalom\git\compilation_mta_for_students\folder_2_source_code\ex5\ms_visual_studio\folder_7_compiler\compiler\debug\compiler.ilk
c:\users\oren ish shalom\git\compilation_mta_for_students\folder_2_source_code\ex5\ms_visual_studio\folder_7_compiler\compiler\debug\compiler.exe
c:\users\oren ish shalom\git\compilation_mta_for_students\folder_2_source_code\ex5\ms_visual_studio\folder_7_compiler\compiler\debug\compiler.pdb
c:\users\oren ish shalom\git\compilation_mta_for_students\folder_2_source_code\ex5\ms_visual_studio\folder_7_compiler\compiler\debug\compiler.tlog\cl.command.1.tlog
c:\users\oren ish shalom\git\compilation_mta_for_students\folder_2_source_code\ex5\ms_visual_studio\folder_7_compiler\compiler\debug\compiler.tlog\cl.read.1.tlog
c:\users\oren ish shalom\git\compilation_mta_for_students\folder_2_source_code\ex5\ms_visual_studio\folder_7_compiler\compiler\debug\compiler.tlog\cl.write.1.tlog
c:\users\oren ish shalom\git\compilation_mta_for_students\folder_2_source_code\ex5\ms_visual_studio\folder_7_compiler\compiler\debug\compiler.tlog\link.command.1.tlog
c:\users\oren ish shalom\git\compilation_mta_for_students\folder_2_source_code\ex5\ms_visual_studio\folder_7_compiler\compiler\debug\compiler.tlog\link.read.1.tlog
c:\users\oren ish shalom\git\compilation_mta_for_students\folder_2_source_code\ex5\ms_visual_studio\folder_7_compiler\compiler\debug\compiler.tlog\link.write.1.tlog
