  StarKistLexer.c
../../FOLDER_5_COMPILER_SOURCE_FILES/StarKistLexer.c(1517): warning C4996: 'fileno': The POSIX name for this item is deprecated. Instead, use the ISO C and C++ conformant name: _fileno. See online help for details.
  c:\program files (x86)\windows kits\10\include\10.0.10240.0\ucrt\stdio.h(2450): note: see declaration of 'fileno'
  RegAllocLexer.c
../../../LINUX_GCC_MAKE/FOLDER_4_LEXER_PARSER_RegAlloc/RegAlloc.lex(46): warning C4477: 'printf' : format string '%d' requires an argument of type 'int', but variadic argument 1 has type 'char *'
../../../LINUX_GCC_MAKE/FOLDER_4_LEXER_PARSER_RegAlloc/RegAlloc.lex(57): warning C4477: 'printf' : format string '%d' requires an argument of type 'int', but variadic argument 1 has type 'char *'
../../FOLDER_5_COMPILER_SOURCE_FILES/RegAllocLexer.c(1314): warning C4996: 'fileno': The POSIX name for this item is deprecated. Instead, use the ISO C and C++ conformant name: _fileno. See online help for details.
  c:\program files (x86)\windows kits\10\include\10.0.10240.0\ucrt\stdio.h(2450): note: see declaration of 'fileno'
  CodeGenLexer.c
../../../LINUX_GCC_MAKE/FOLDER_3_LEXER_PARSER_CodeGen/CodeGen.lex(76): warning C4996: 'strcpy': This function or variable may be unsafe. Consider using strcpy_s instead. To disable deprecation, use _CRT_SECURE_NO_WARNINGS. See online help for details.
  c:\program files (x86)\windows kits\10\include\10.0.10240.0\ucrt\string.h(119): note: see declaration of 'strcpy'
../../FOLDER_5_COMPILER_SOURCE_FILES/CodeGenLexer.c(1538): warning C4996: 'fileno': The POSIX name for this item is deprecated. Instead, use the ISO C and C++ conformant name: _fileno. See online help for details.
  c:\program files (x86)\windows kits\10\include\10.0.10240.0\ucrt\stdio.h(2450): note: see declaration of 'fileno'
  RegAllocParser.c
  CodeGenParser.c
  StarKistParser.c
  Write_Assembley_Output_File.c
c:\users\oren ish shalom\git\compilation_mta_for_students\folder_2_source_code\ex5\linux_gcc_make\folder_5_compiler_source_files\write_assembley_output_file.c(37): warning C4996: 'fopen': This function or variable may be unsafe. Consider using fopen_s instead. To disable deprecation, use _CRT_SECURE_NO_WARNINGS. See online help for details.
  c:\program files (x86)\windows kits\10\include\10.0.10240.0\ucrt\stdio.h(205): note: see declaration of 'fopen'
  util.c
  types.c
  IR_Tree.c
  TEMPS_TO_REGS_errormsg.c
  temp.c
  table.c
  SymbolTable.c
  symbol.c
  semant.c
c:\users\oren ish shalom\git\compilation_mta_for_students\folder_2_source_code\ex5\linux_gcc_make\folder_5_compiler_source_files\semant.c(256): warning C4101: 'type': unreferenced local variable
c:\users\oren ish shalom\git\compilation_mta_for_students\folder_2_source_code\ex5\linux_gcc_make\folder_5_compiler_source_files\semant.c(685): warning C4101: 'type': unreferenced local variable
c:\users\oren ish shalom\git\compilation_mta_for_students\folder_2_source_code\ex5\linux_gcc_make\folder_5_compiler_source_files\semant.c(686): warning C4101: 'fieldList': unreferenced local variable
  Register_Allocation.c
c:\users\oren ish shalom\git\compilation_mta_for_students\folder_2_source_code\ex5\linux_gcc_make\folder_5_compiler_source_files\register_allocation.c(60): warning C4996: 'fopen': This function or variable may be unsafe. Consider using fopen_s instead. To disable deprecation, use _CRT_SECURE_NO_WARNINGS. See online help for details.
  c:\program files (x86)\windows kits\10\include\10.0.10240.0\ucrt\stdio.h(205): note: see declaration of 'fopen'
c:\users\oren ish shalom\git\compilation_mta_for_students\folder_2_source_code\ex5\linux_gcc_make\folder_5_compiler_source_files\register_allocation.c(81): warning C4996: 'sscanf': This function or variable may be unsafe. Consider using sscanf_s instead. To disable deprecation, use _CRT_SECURE_NO_WARNINGS. See online help for details.
  c:\program files (x86)\windows kits\10\include\10.0.10240.0\ucrt\stdio.h(2254): note: see declaration of 'sscanf'
  PSEUDO_MIPS_ASM_AST_errormsg.c
  PSEUDO_MIPS_ASM_AST.c
  Pseduo_Assembley_To_Simulation.c
c:\users\oren ish shalom\git\compilation_mta_for_students\folder_2_source_code\ex5\linux_gcc_make\folder_5_compiler_source_files\pseduo_assembley_to_simulation.c(46): warning C4477: 'sprintf' : format string '%s' requires an argument of type 'char *', but variadic argument 1 has type 'int'
c:\users\oren ish shalom\git\compilation_mta_for_students\folder_2_source_code\ex5\linux_gcc_make\folder_5_compiler_source_files\pseduo_assembley_to_simulation.c(46): warning C4474: 'sprintf' : too many arguments passed for format string
  c:\users\oren ish shalom\git\compilation_mta_for_students\folder_2_source_code\ex5\linux_gcc_make\folder_5_compiler_source_files\pseduo_assembley_to_simulation.c(46): note: placeholders and their parameters expect 1 variadic arguments, but 2 were provided
c:\users\oren ish shalom\git\compilation_mta_for_students\folder_2_source_code\ex5\linux_gcc_make\folder_5_compiler_source_files\pseduo_assembley_to_simulation.c(46): warning C4996: 'sprintf': This function or variable may be unsafe. Consider using sprintf_s instead. To disable deprecation, use _CRT_SECURE_NO_WARNINGS. See online help for details.
  c:\program files (x86)\windows kits\10\include\10.0.10240.0\ucrt\stdio.h(1769): note: see declaration of 'sprintf'
c:\users\oren ish shalom\git\compilation_mta_for_students\folder_2_source_code\ex5\linux_gcc_make\folder_5_compiler_source_files\pseduo_assembley_to_simulation.c(51): warning C4996: 'strcpy': This function or variable may be unsafe. Consider using strcpy_s instead. To disable deprecation, use _CRT_SECURE_NO_WARNINGS. See online help for details.
  c:\program files (x86)\windows kits\10\include\10.0.10240.0\ucrt\string.h(119): note: see declaration of 'strcpy'
c:\users\oren ish shalom\git\compilation_mta_for_students\folder_2_source_code\ex5\linux_gcc_make\folder_5_compiler_source_files\pseduo_assembley_to_simulation.c(279): warning C4129: '%': unrecognized character escape sequence
c:\users\oren ish shalom\git\compilation_mta_for_students\folder_2_source_code\ex5\linux_gcc_make\folder_5_compiler_source_files\pseduo_assembley_to_simulation.c(283): warning C4129: '%': unrecognized character escape sequence
c:\users\oren ish shalom\git\compilation_mta_for_students\folder_2_source_code\ex5\linux_gcc_make\folder_5_compiler_source_files\pseduo_assembley_to_simulation.c(332): warning C4996: 'fopen': This function or variable may be unsafe. Consider using fopen_s instead. To disable deprecation, use _CRT_SECURE_NO_WARNINGS. See online help for details.
  c:\program files (x86)\windows kits\10\include\10.0.10240.0\ucrt\stdio.h(205): note: see declaration of 'fopen'
  Generating Code...
c:\users\oren ish shalom\git\compilation_mta_for_students\folder_2_source_code\ex5\linux_gcc_make\folder_5_compiler_source_files\semant.c(715): warning C4715: 'SEM_transVarExp': not all control paths return a value
c:\users\oren ish shalom\git\compilation_mta_for_students\folder_2_source_code\ex5\linux_gcc_make\folder_5_compiler_source_files\semant.c(1076): warning C4715: 'SEM_transExp': not all control paths return a value
  Compiling...
  parse.c
  MIPS_frame.c
  MIPS_asm.c
c:\users\oren ish shalom\git\compilation_mta_for_students\folder_2_source_code\ex5\linux_gcc_make\folder_5_compiler_source_files\mips_asm.c(280): warning C4101: 'arg': unreferenced local variable
  main.c
  Liveness_Analysis.c
  IR_Print.c
  IR.c
  errormsg.c
  env.c
  AST_Print.c
  AST.c
  Generating Code...
c:\users\oren ish shalom\git\compilation_mta_for_students\folder_2_source_code\ex5\linux_gcc_make\folder_5_compiler_source_files\ir.c(445): warning C4715: 'IR_transOpExp': not all control paths return a value
c:\users\oren ish shalom\git\compilation_mta_for_students\folder_2_source_code\ex5\linux_gcc_make\folder_5_compiler_source_files\ir.c(626): warning C4715: 'IR_transVarExp': not all control paths return a value
c:\users\oren ish shalom\git\compilation_mta_for_students\folder_2_source_code\ex5\linux_gcc_make\folder_5_compiler_source_files\ir.c(867): warning C4715: 'IR_transExp': not all control paths return a value
c:\users\oren ish shalom\git\compilation_mta_for_students\folder_2_source_code\ex5\linux_gcc_make\folder_5_compiler_source_files\mips_asm.c(549): warning C4715: 'MIPS_ASM_CodeGeneration_Function': not all control paths return a value
c:\users\oren ish shalom\git\compilation_mta_for_students\folder_2_source_code\ex5\linux_gcc_make\folder_5_compiler_source_files\mips_asm.c(570): warning C4715: 'MIPS_ASM_codeGeneration': not all control paths return a value
  compiler.vcxproj -> C:\Users\Oren Ish Shalom\GIT\COMPILATION_MTA_FOR_STUDENTS\FOLDER_2_SOURCE_CODE\EX5\MS_VISUAL_STUDIO\FOLDER_7_COMPILER\compiler\Debug\compiler.exe
