c:\users\oren ish shalom\git\compilation_mta_for_students\folder_2_source_code\ex4\ms_visual_studio\folder_3_lexer_parser_codegen\lexer_codegen\debug\vc140.pdb
c:\users\oren ish shalom\git\compilation_mta_for_students\folder_2_source_code\ex4\ms_visual_studio\folder_3_lexer_parser_codegen\lexer_codegen\debug\vc140.idb
c:\users\oren ish shalom\git\compilation_mta_for_students\folder_2_source_code\ex4\ms_visual_studio\folder_3_lexer_parser_codegen\lexer_codegen\debug\ccl.obj
c:\users\oren ish shalom\git\compilation_mta_for_students\folder_2_source_code\ex4\ms_visual_studio\folder_3_lexer_parser_codegen\lexer_codegen\debug\dfa.obj
c:\users\oren ish shalom\git\compilation_mta_for_students\folder_2_source_code\ex4\ms_visual_studio\folder_3_lexer_parser_codegen\lexer_codegen\debug\ecs.obj
c:\users\oren ish shalom\git\compilation_mta_for_students\folder_2_source_code\ex4\ms_visual_studio\folder_3_lexer_parser_codegen\lexer_codegen\debug\gen.obj
c:\users\oren ish shalom\git\compilation_mta_for_students\folder_2_source_code\ex4\ms_visual_studio\folder_3_lexer_parser_codegen\lexer_codegen\debug\initscan.obj
c:\users\oren ish shalom\git\compilation_mta_for_students\folder_2_source_code\ex4\ms_visual_studio\folder_3_lexer_parser_codegen\lexer_codegen\debug\main.obj
c:\users\oren ish shalom\git\compilation_mta_for_students\folder_2_source_code\ex4\ms_visual_studio\folder_3_lexer_parser_codegen\lexer_codegen\debug\misc.obj
c:\users\oren ish shalom\git\compilation_mta_for_students\folder_2_source_code\ex4\ms_visual_studio\folder_3_lexer_parser_codegen\lexer_codegen\debug\nfa.obj
c:\users\oren ish shalom\git\compilation_mta_for_students\folder_2_source_code\ex4\ms_visual_studio\folder_3_lexer_parser_codegen\lexer_codegen\debug\parse.obj
c:\users\oren ish shalom\git\compilation_mta_for_students\folder_2_source_code\ex4\ms_visual_studio\folder_3_lexer_parser_codegen\lexer_codegen\debug\skel.obj
c:\users\oren ish shalom\git\compilation_mta_for_students\folder_2_source_code\ex4\ms_visual_studio\folder_3_lexer_parser_codegen\lexer_codegen\debug\sym.obj
c:\users\oren ish shalom\git\compilation_mta_for_students\folder_2_source_code\ex4\ms_visual_studio\folder_3_lexer_parser_codegen\lexer_codegen\debug\tblcmp.obj
c:\users\oren ish shalom\git\compilation_mta_for_students\folder_2_source_code\ex4\ms_visual_studio\folder_3_lexer_parser_codegen\lexer_codegen\debug\yylex.obj
c:\users\oren ish shalom\git\compilation_mta_for_students\folder_2_source_code\ex4\ms_visual_studio\folder_3_lexer_parser_codegen\lexer_codegen\debug\lexer_codegen.ilk
c:\users\oren ish shalom\git\compilation_mta_for_students\folder_2_source_code\ex4\ms_visual_studio\folder_3_lexer_parser_codegen\lexer_codegen\debug\lexer_codegen.exe
c:\users\oren ish shalom\git\compilation_mta_for_students\folder_2_source_code\ex4\ms_visual_studio\folder_3_lexer_parser_codegen\lexer_codegen\debug\lexer_codegen.pdb
c:\users\oren ish shalom\git\compilation_mta_for_students\folder_2_source_code\ex4\ms_visual_studio\folder_3_lexer_parser_codegen\lexer_codegen\debug\lexer_codegen.tlog\cl.command.1.tlog
c:\users\oren ish shalom\git\compilation_mta_for_students\folder_2_source_code\ex4\ms_visual_studio\folder_3_lexer_parser_codegen\lexer_codegen\debug\lexer_codegen.tlog\cl.read.1.tlog
c:\users\oren ish shalom\git\compilation_mta_for_students\folder_2_source_code\ex4\ms_visual_studio\folder_3_lexer_parser_codegen\lexer_codegen\debug\lexer_codegen.tlog\cl.write.1.tlog
c:\users\oren ish shalom\git\compilation_mta_for_students\folder_2_source_code\ex4\ms_visual_studio\folder_3_lexer_parser_codegen\lexer_codegen\debug\lexer_codegen.tlog\link.command.1.tlog
c:\users\oren ish shalom\git\compilation_mta_for_students\folder_2_source_code\ex4\ms_visual_studio\folder_3_lexer_parser_codegen\lexer_codegen\debug\lexer_codegen.tlog\link.read.1.tlog
c:\users\oren ish shalom\git\compilation_mta_for_students\folder_2_source_code\ex4\ms_visual_studio\folder_3_lexer_parser_codegen\lexer_codegen\debug\lexer_codegen.tlog\link.write.1.tlog
