  warshall.c
  version.c
  symtab.c
c:\users\oren ish shalom\git\compilation_mta_for_students\folder_2_source_code\ex4\linux_gcc_make\folder_1_bison\source_files\symtab.c(64): warning C4996: 'strcpy': This function or variable may be unsafe. Consider using strcpy_s instead. To disable deprecation, use _CRT_SECURE_NO_WARNINGS. See online help for details.
  c:\program files (x86)\windows kits\10\include\10.0.10240.0\ucrt\string.h(119): note: see declaration of 'strcpy'
c:\users\oren ish shalom\git\compilation_mta_for_students\folder_2_source_code\ex4\linux_gcc_make\folder_1_bison\source_files\symtab.c(145): warning C4013: 'free' undefined; assuming extern returning int
  reduce.c
c:\users\oren ish shalom\git\compilation_mta_for_students\folder_2_source_code\ex4\linux_gcc_make\folder_1_bison\source_files\reduce.c(96): warning C4146: unary minus operator applied to unsigned type, result still unsigned
c:\users\oren ish shalom\git\compilation_mta_for_students\folder_2_source_code\ex4\linux_gcc_make\folder_1_bison\source_files\reduce.c(164): warning C4013: 'free' undefined; assuming extern returning int
  reader.c
c:\users\oren ish shalom\git\compilation_mta_for_students\folder_2_source_code\ex4\linux_gcc_make\folder_1_bison\source_files\reader.c(324): warning C4013: 'printable_version' undefined; assuming extern returning int
c:\users\oren ish shalom\git\compilation_mta_for_students\folder_2_source_code\ex4\linux_gcc_make\folder_1_bison\source_files\reader.c(324): warning C4477: 'sprintf' : format string '%s' requires an argument of type 'char *', but variadic argument 1 has type 'int'
c:\users\oren ish shalom\git\compilation_mta_for_students\folder_2_source_code\ex4\linux_gcc_make\folder_1_bison\source_files\reader.c(324): warning C4996: 'sprintf': This function or variable may be unsafe. Consider using sprintf_s instead. To disable deprecation, use _CRT_SECURE_NO_WARNINGS. See online help for details.
  c:\program files (x86)\windows kits\10\include\10.0.10240.0\ucrt\stdio.h(1769): note: see declaration of 'sprintf'
c:\users\oren ish shalom\git\compilation_mta_for_students\folder_2_source_code\ex4\linux_gcc_make\folder_1_bison\source_files\reader.c(497): warning C4996: 'strcpy': This function or variable may be unsafe. Consider using strcpy_s instead. To disable deprecation, use _CRT_SECURE_NO_WARNINGS. See online help for details.
  c:\program files (x86)\windows kits\10\include\10.0.10240.0\ucrt\string.h(119): note: see declaration of 'strcpy'
c:\users\oren ish shalom\git\compilation_mta_for_students\folder_2_source_code\ex4\linux_gcc_make\folder_1_bison\source_files\reader.c(581): warning C4996: 'strcpy': This function or variable may be unsafe. Consider using strcpy_s instead. To disable deprecation, use _CRT_SECURE_NO_WARNINGS. See online help for details.
  c:\program files (x86)\windows kits\10\include\10.0.10240.0\ucrt\string.h(119): note: see declaration of 'strcpy'
c:\users\oren ish shalom\git\compilation_mta_for_students\folder_2_source_code\ex4\linux_gcc_make\folder_1_bison\source_files\reader.c(663): warning C4996: 'strcpy': This function or variable may be unsafe. Consider using strcpy_s instead. To disable deprecation, use _CRT_SECURE_NO_WARNINGS. See online help for details.
  c:\program files (x86)\windows kits\10\include\10.0.10240.0\ucrt\string.h(119): note: see declaration of 'strcpy'
c:\users\oren ish shalom\git\compilation_mta_for_students\folder_2_source_code\ex4\linux_gcc_make\folder_1_bison\source_files\reader.c(726): warning C4996: 'strcpy': This function or variable may be unsafe. Consider using strcpy_s instead. To disable deprecation, use _CRT_SECURE_NO_WARNINGS. See online help for details.
  c:\program files (x86)\windows kits\10\include\10.0.10240.0\ucrt\string.h(119): note: see declaration of 'strcpy'
c:\users\oren ish shalom\git\compilation_mta_for_students\folder_2_source_code\ex4\linux_gcc_make\folder_1_bison\source_files\reader.c(920): warning C4013: 'atoi' undefined; assuming extern returning int
c:\users\oren ish shalom\git\compilation_mta_for_students\folder_2_source_code\ex4\linux_gcc_make\folder_1_bison\source_files\reader.c(1422): warning C4996: 'sprintf': This function or variable may be unsafe. Consider using sprintf_s instead. To disable deprecation, use _CRT_SECURE_NO_WARNINGS. See online help for details.
  c:\program files (x86)\windows kits\10\include\10.0.10240.0\ucrt\stdio.h(1769): note: see declaration of 'sprintf'
c:\users\oren ish shalom\git\compilation_mta_for_students\folder_2_source_code\ex4\linux_gcc_make\folder_1_bison\source_files\reader.c(1764): warning C4996: 'strcpy': This function or variable may be unsafe. Consider using strcpy_s instead. To disable deprecation, use _CRT_SECURE_NO_WARNINGS. See online help for details.
  c:\program files (x86)\windows kits\10\include\10.0.10240.0\ucrt\string.h(119): note: see declaration of 'strcpy'
  print.c
c:\users\oren ish shalom\git\compilation_mta_for_students\folder_2_source_code\ex4\linux_gcc_make\folder_1_bison\source_files\print.c(281): warning C4996: 'sprintf': This function or variable may be unsafe. Consider using sprintf_s instead. To disable deprecation, use _CRT_SECURE_NO_WARNINGS. See online help for details.
  c:\program files (x86)\windows kits\10\include\10.0.10240.0\ucrt\stdio.h(1769): note: see declaration of 'sprintf'
c:\users\oren ish shalom\git\compilation_mta_for_students\folder_2_source_code\ex4\linux_gcc_make\folder_1_bison\source_files\print.c(289): warning C4996: 'sprintf': This function or variable may be unsafe. Consider using sprintf_s instead. To disable deprecation, use _CRT_SECURE_NO_WARNINGS. See online help for details.
  c:\program files (x86)\windows kits\10\include\10.0.10240.0\ucrt\stdio.h(1769): note: see declaration of 'sprintf'
c:\users\oren ish shalom\git\compilation_mta_for_students\folder_2_source_code\ex4\linux_gcc_make\folder_1_bison\source_files\print.c(303): warning C4996: 'sprintf': This function or variable may be unsafe. Consider using sprintf_s instead. To disable deprecation, use _CRT_SECURE_NO_WARNINGS. See online help for details.
  c:\program files (x86)\windows kits\10\include\10.0.10240.0\ucrt\stdio.h(1769): note: see declaration of 'sprintf'
c:\users\oren ish shalom\git\compilation_mta_for_students\folder_2_source_code\ex4\linux_gcc_make\folder_1_bison\source_files\print.c(311): warning C4996: 'sprintf': This function or variable may be unsafe. Consider using sprintf_s instead. To disable deprecation, use _CRT_SECURE_NO_WARNINGS. See online help for details.
  c:\program files (x86)\windows kits\10\include\10.0.10240.0\ucrt\stdio.h(1769): note: see declaration of 'sprintf'
c:\users\oren ish shalom\git\compilation_mta_for_students\folder_2_source_code\ex4\linux_gcc_make\folder_1_bison\source_files\print.c(338): warning C4996: 'sprintf': This function or variable may be unsafe. Consider using sprintf_s instead. To disable deprecation, use _CRT_SECURE_NO_WARNINGS. See online help for details.
  c:\program files (x86)\windows kits\10\include\10.0.10240.0\ucrt\stdio.h(1769): note: see declaration of 'sprintf'
c:\users\oren ish shalom\git\compilation_mta_for_students\folder_2_source_code\ex4\linux_gcc_make\folder_1_bison\source_files\print.c(344): warning C4996: 'sprintf': This function or variable may be unsafe. Consider using sprintf_s instead. To disable deprecation, use _CRT_SECURE_NO_WARNINGS. See online help for details.
  c:\program files (x86)\windows kits\10\include\10.0.10240.0\ucrt\stdio.h(1769): note: see declaration of 'sprintf'
c:\users\oren ish shalom\git\compilation_mta_for_students\folder_2_source_code\ex4\linux_gcc_make\folder_1_bison\source_files\print.c(350): warning C4996: 'sprintf': This function or variable may be unsafe. Consider using sprintf_s instead. To disable deprecation, use _CRT_SECURE_NO_WARNINGS. See online help for details.
  c:\program files (x86)\windows kits\10\include\10.0.10240.0\ucrt\stdio.h(1769): note: see declaration of 'sprintf'
c:\users\oren ish shalom\git\compilation_mta_for_students\folder_2_source_code\ex4\linux_gcc_make\folder_1_bison\source_files\print.c(357): warning C4996: 'sprintf': This function or variable may be unsafe. Consider using sprintf_s instead. To disable deprecation, use _CRT_SECURE_NO_WARNINGS. See online help for details.
  c:\program files (x86)\windows kits\10\include\10.0.10240.0\ucrt\stdio.h(1769): note: see declaration of 'sprintf'
c:\users\oren ish shalom\git\compilation_mta_for_students\folder_2_source_code\ex4\linux_gcc_make\folder_1_bison\source_files\print.c(359): warning C4996: 'sprintf': This function or variable may be unsafe. Consider using sprintf_s instead. To disable deprecation, use _CRT_SECURE_NO_WARNINGS. See online help for details.
  c:\program files (x86)\windows kits\10\include\10.0.10240.0\ucrt\stdio.h(1769): note: see declaration of 'sprintf'
c:\users\oren ish shalom\git\compilation_mta_for_students\folder_2_source_code\ex4\linux_gcc_make\folder_1_bison\source_files\print.c(366): warning C4996: 'sprintf': This function or variable may be unsafe. Consider using sprintf_s instead. To disable deprecation, use _CRT_SECURE_NO_WARNINGS. See online help for details.
  c:\program files (x86)\windows kits\10\include\10.0.10240.0\ucrt\stdio.h(1769): note: see declaration of 'sprintf'
  output.c
c:\users\oren ish shalom\git\compilation_mta_for_students\folder_2_source_code\ex4\linux_gcc_make\folder_1_bison\source_files\output.c(277): warning C4013: 'free' undefined; assuming extern returning int
  nullable.c
c:\users\oren ish shalom\git\compilation_mta_for_students\folder_2_source_code\ex4\linux_gcc_make\folder_1_bison\source_files\nullable.c(125): warning C4013: 'free' undefined; assuming extern returning int
  main.c
c:\users\oren ish shalom\git\compilation_mta_for_students\folder_2_source_code\ex4\linux_gcc_make\folder_1_bison\source_files\main.c(103): warning C4996: 'sprintf': This function or variable may be unsafe. Consider using sprintf_s instead. To disable deprecation, use _CRT_SECURE_NO_WARNINGS. See online help for details.
  c:\program files (x86)\windows kits\10\include\10.0.10240.0\ucrt\stdio.h(1769): note: see declaration of 'sprintf'
c:\users\oren ish shalom\git\compilation_mta_for_students\folder_2_source_code\ex4\linux_gcc_make\folder_1_bison\source_files\main.c(120): warning C4996: 'sprintf': This function or variable may be unsafe. Consider using sprintf_s instead. To disable deprecation, use _CRT_SECURE_NO_WARNINGS. See online help for details.
  c:\program files (x86)\windows kits\10\include\10.0.10240.0\ucrt\stdio.h(1769): note: see declaration of 'sprintf'
c:\users\oren ish shalom\git\compilation_mta_for_students\folder_2_source_code\ex4\linux_gcc_make\folder_1_bison\source_files\main.c(148): warning C4996: 'sprintf': This function or variable may be unsafe. Consider using sprintf_s instead. To disable deprecation, use _CRT_SECURE_NO_WARNINGS. See online help for details.
  c:\program files (x86)\windows kits\10\include\10.0.10240.0\ucrt\stdio.h(1769): note: see declaration of 'sprintf'
c:\users\oren ish shalom\git\compilation_mta_for_students\folder_2_source_code\ex4\linux_gcc_make\folder_1_bison\source_files\main.c(178): warning C4996: 'sprintf': This function or variable may be unsafe. Consider using sprintf_s instead. To disable deprecation, use _CRT_SECURE_NO_WARNINGS. See online help for details.
  c:\program files (x86)\windows kits\10\include\10.0.10240.0\ucrt\stdio.h(1769): note: see declaration of 'sprintf'
c:\users\oren ish shalom\git\compilation_mta_for_students\folder_2_source_code\ex4\linux_gcc_make\folder_1_bison\source_files\main.c(190): warning C4996: 'sprintf': This function or variable may be unsafe. Consider using sprintf_s instead. To disable deprecation, use _CRT_SECURE_NO_WARNINGS. See online help for details.
  c:\program files (x86)\windows kits\10\include\10.0.10240.0\ucrt\stdio.h(1769): note: see declaration of 'sprintf'
c:\users\oren ish shalom\git\compilation_mta_for_students\folder_2_source_code\ex4\linux_gcc_make\folder_1_bison\source_files\main.c(202): warning C4996: 'sprintf': This function or variable may be unsafe. Consider using sprintf_s instead. To disable deprecation, use _CRT_SECURE_NO_WARNINGS. See online help for details.
  c:\program files (x86)\windows kits\10\include\10.0.10240.0\ucrt\stdio.h(1769): note: see declaration of 'sprintf'
c:\users\oren ish shalom\git\compilation_mta_for_students\folder_2_source_code\ex4\linux_gcc_make\folder_1_bison\source_files\main.c(214): warning C4996: 'sprintf': This function or variable may be unsafe. Consider using sprintf_s instead. To disable deprecation, use _CRT_SECURE_NO_WARNINGS. See online help for details.
  c:\program files (x86)\windows kits\10\include\10.0.10240.0\ucrt\stdio.h(1769): note: see declaration of 'sprintf'
c:\users\oren ish shalom\git\compilation_mta_for_students\folder_2_source_code\ex4\linux_gcc_make\folder_1_bison\source_files\main.c(226): warning C4996: 'sprintf': This function or variable may be unsafe. Consider using sprintf_s instead. To disable deprecation, use _CRT_SECURE_NO_WARNINGS. See online help for details.
  c:\program files (x86)\windows kits\10\include\10.0.10240.0\ucrt\stdio.h(1769): note: see declaration of 'sprintf'
c:\users\oren ish shalom\git\compilation_mta_for_students\folder_2_source_code\ex4\linux_gcc_make\folder_1_bison\source_files\main.c(237): warning C4013: 'abort' undefined; assuming extern returning int
  LR0.c
c:\users\oren ish shalom\git\compilation_mta_for_students\folder_2_source_code\ex4\linux_gcc_make\folder_1_bison\source_files\lr0.c(139): warning C4013: 'free' undefined; assuming extern returning int
  lex.c
c:\users\oren ish shalom\git\compilation_mta_for_students\folder_2_source_code\ex4\linux_gcc_make\folder_1_bison\source_files\lex.c(325): warning C4996: 'strcpy': This function or variable may be unsafe. Consider using strcpy_s instead. To disable deprecation, use _CRT_SECURE_NO_WARNINGS. See online help for details.
  c:\program files (x86)\windows kits\10\include\10.0.10240.0\ucrt\string.h(119): note: see declaration of 'strcpy'
c:\users\oren ish shalom\git\compilation_mta_for_students\folder_2_source_code\ex4\linux_gcc_make\folder_1_bison\source_files\lex.c(451): warning C4996: 'strcpy': This function or variable may be unsafe. Consider using strcpy_s instead. To disable deprecation, use _CRT_SECURE_NO_WARNINGS. See online help for details.
  c:\program files (x86)\windows kits\10\include\10.0.10240.0\ucrt\string.h(119): note: see declaration of 'strcpy'
  lalr.c
c:\users\oren ish shalom\git\compilation_mta_for_students\folder_2_source_code\ex4\linux_gcc_make\folder_1_bison\source_files\lalr.c(330): warning C4013: 'free' undefined; assuming extern returning int
  gram.c
  getopt1.c
  getopt.c
c:\users\oren ish shalom\git\compilation_mta_for_students\folder_2_source_code\ex4\linux_gcc_make\folder_1_bison\source_files\getopt.c(340): warning C4013: 'getpid' undefined; assuming extern returning int
c:\users\oren ish shalom\git\compilation_mta_for_students\folder_2_source_code\ex4\linux_gcc_make\folder_1_bison\source_files\getopt.c(345): warning C4013: 'strlen' undefined; assuming extern returning int
c:\users\oren ish shalom\git\compilation_mta_for_students\folder_2_source_code\ex4\linux_gcc_make\folder_1_bison\source_files\getopt.c(340): warning C4996: 'sprintf': This function or variable may be unsafe. Consider using sprintf_s instead. To disable deprecation, use _CRT_SECURE_NO_WARNINGS. See online help for details.
  c:\program files (x86)\windows kits\10\include\10.0.10240.0\ucrt\stdio.h(1769): note: see declaration of 'sprintf'
c:\users\oren ish shalom\git\compilation_mta_for_students\folder_2_source_code\ex4\linux_gcc_make\folder_1_bison\source_files\getopt.c(465): warning C4013: 'strcmp' undefined; assuming extern returning int
c:\users\oren ish shalom\git\compilation_mta_for_students\folder_2_source_code\ex4\linux_gcc_make\folder_1_bison\source_files\getopt.c(541): warning C4013: 'strncmp' undefined; assuming extern returning int
  getargs.c
c:\users\oren ish shalom\git\compilation_mta_for_students\folder_2_source_code\ex4\linux_gcc_make\folder_1_bison\source_files\getargs.c(106): warning C4013: 'exit' undefined; assuming extern returning int
  files.c
c:\users\oren ish shalom\git\compilation_mta_for_students\folder_2_source_code\ex4\linux_gcc_make\folder_1_bison\source_files\files.c(65): warning C4273: 'perror': inconsistent dll linkage
  c:\program files (x86)\windows kits\10\include\10.0.10240.0\ucrt\stdio.h(317): note: see previous definition of 'perror'
c:\users\oren ish shalom\git\compilation_mta_for_students\folder_2_source_code\ex4\linux_gcc_make\folder_1_bison\source_files\files.c(157): warning C4996: 'strcpy': This function or variable may be unsafe. Consider using strcpy_s instead. To disable deprecation, use _CRT_SECURE_NO_WARNINGS. See online help for details.
  c:\program files (x86)\windows kits\10\include\10.0.10240.0\ucrt\string.h(119): note: see declaration of 'strcpy'
c:\users\oren ish shalom\git\compilation_mta_for_students\folder_2_source_code\ex4\linux_gcc_make\folder_1_bison\source_files\files.c(161): warning C4996: 'strcat': This function or variable may be unsafe. Consider using strcat_s instead. To disable deprecation, use _CRT_SECURE_NO_WARNINGS. See online help for details.
  c:\program files (x86)\windows kits\10\include\10.0.10240.0\ucrt\string.h(90): note: see declaration of 'strcat'
c:\users\oren ish shalom\git\compilation_mta_for_students\folder_2_source_code\ex4\linux_gcc_make\folder_1_bison\source_files\files.c(259): warning C4996: 'unlink': The POSIX name for this item is deprecated. Instead, use the ISO C and C++ conformant name: _unlink. See online help for details.
  c:\program files (x86)\windows kits\10\include\10.0.10240.0\ucrt\stdio.h(380): note: see declaration of 'unlink'
c:\users\oren ish shalom\git\compilation_mta_for_students\folder_2_source_code\ex4\linux_gcc_make\folder_1_bison\source_files\files.c(260): warning C4996: 'unlink': The POSIX name for this item is deprecated. Instead, use the ISO C and C++ conformant name: _unlink. See online help for details.
  c:\program files (x86)\windows kits\10\include\10.0.10240.0\ucrt\stdio.h(380): note: see declaration of 'unlink'
c:\users\oren ish shalom\git\compilation_mta_for_students\folder_2_source_code\ex4\linux_gcc_make\folder_1_bison\source_files\files.c(261): warning C4996: 'unlink': The POSIX name for this item is deprecated. Instead, use the ISO C and C++ conformant name: _unlink. See online help for details.
  c:\program files (x86)\windows kits\10\include\10.0.10240.0\ucrt\stdio.h(380): note: see declaration of 'unlink'
c:\users\oren ish shalom\git\compilation_mta_for_students\folder_2_source_code\ex4\linux_gcc_make\folder_1_bison\source_files\files.c(262): warning C4996: 'unlink': The POSIX name for this item is deprecated. Instead, use the ISO C and C++ conformant name: _unlink. See online help for details.
  c:\program files (x86)\windows kits\10\include\10.0.10240.0\ucrt\stdio.h(380): note: see declaration of 'unlink'
c:\users\oren ish shalom\git\compilation_mta_for_students\folder_2_source_code\ex4\linux_gcc_make\folder_1_bison\source_files\files.c(108): warning C4101: 'cp': unreferenced local variable
c:\users\oren ish shalom\git\compilation_mta_for_students\folder_2_source_code\ex4\linux_gcc_make\folder_1_bison\source_files\files.c(295): warning C4101: 'cp': unreferenced local variable
c:\users\oren ish shalom\git\compilation_mta_for_students\folder_2_source_code\ex4\linux_gcc_make\folder_1_bison\source_files\files.c(339): warning C4996: 'fopen': This function or variable may be unsafe. Consider using fopen_s instead. To disable deprecation, use _CRT_SECURE_NO_WARNINGS. See online help for details.
  c:\program files (x86)\windows kits\10\include\10.0.10240.0\ucrt\stdio.h(205): note: see declaration of 'fopen'
c:\users\oren ish shalom\git\compilation_mta_for_students\folder_2_source_code\ex4\linux_gcc_make\folder_1_bison\source_files\files.c(412): warning C4013: 'exit' undefined; assuming extern returning int
  derives.c
c:\users\oren ish shalom\git\compilation_mta_for_students\folder_2_source_code\ex4\linux_gcc_make\folder_1_bison\source_files\derives.c(80): warning C4013: 'free' undefined; assuming extern returning int
  conflicts.c
c:\users\oren ish shalom\git\compilation_mta_for_students\folder_2_source_code\ex4\linux_gcc_make\folder_1_bison\source_files\conflicts.c(262): warning C4013: 'free' undefined; assuming extern returning int
  closure.c
c:\users\oren ish shalom\git\compilation_mta_for_students\folder_2_source_code\ex4\linux_gcc_make\folder_1_bison\source_files\closure.c(150): warning C4013: 'free' undefined; assuming extern returning int
  Generating Code...
  Compiling...
  allocate.c
  alloca.c
c:\users\oren ish shalom\git\compilation_mta_for_students\folder_2_source_code\ex4\linux_gcc_make\folder_1_bison\source_files\alloca.c(198): warning C4013: 'free' undefined; assuming extern returning int
c:\users\oren ish shalom\git\compilation_mta_for_students\folder_2_source_code\ex4\linux_gcc_make\folder_1_bison\source_files\alloca.c(222): warning C4013: 'abort' undefined; assuming extern returning int
  Generating Code...
  PARSER_CodeGen.vcxproj -> C:\Users\Oren Ish Shalom\GIT\COMPILATION_MTA_FOR_STUDENTS\FOLDER_2_SOURCE_CODE\EX4\MS_VISUAL_STUDIO\FOLDER_3_LEXER_PARSER_CodeGen\PARSER_CodeGen\Debug\PARSER_CodeGen.exe
